<!DOCTYPE html PUBLIC "-//W3C//DTD XHTML 1.1//EN" "https://www.w3.org/TR/xhtml11/DTD/xhtml11.dtd">
<html xmlns="https://www.w3.org/1999/xhtml">
<head>
<meta http-equiv="content-type" content="text/html; charset=UTF-8"/>
<title>TestNG Report</title>
<style type="text/css">table {margin-bottom:10px;border-collapse:collapse;empty-cells:show}th,td {border:1px solid #009;padding:.25em .5em}th {vertical-align:bottom}td {vertical-align:top}table a {font-weight:bold}.stripe td {background-color: #E6EBF9}.num {text-align:right}.passedodd td {background-color: #3F3}.passedeven td {background-color: #0A0}.skippedodd td {background-color: #DDD}.skippedeven td {background-color: #CCC}.failedodd td,.attn {background-color: #F33}.failedeven td,.stripe .attn {background-color: #D00}.stacktrace {white-space:pre;font-family:monospace}.totop {font-size:85%;text-align:center;border-bottom:2px solid #000}.invisible {display:none}</style>
</head>
<body>
<table>
<tr><th>Test</th><th># Passed</th><th># Skipped</th><th># Retried</th><th># Failed</th><th>Time (ms)</th><th>Included Groups</th><th>Excluded Groups</th></tr>
<tr><th colspan="8">parasoftbank test</th></tr>
<tr><td><a href="#t0">Main Title</a></td><td class="num">1</td><td class="num">0</td><td class="num">0</td><td class="num">0</td><td class="num">18,351</td><td></td><td></td></tr>
<tr class="stripe"><td><a href="#t1">basic components</a></td><td class="num">1</td><td class="num">0</td><td class="num">0</td><td class="num">0</td><td class="num">5,666</td><td></td><td></td></tr>
<tr><td><a href="#t2">login</a></td><td class="num">1</td><td class="num">0</td><td class="num">0</td><td class="num">0</td><td class="num">9,952</td><td></td><td></td></tr>
<tr class="stripe"><td><a href="#t3">Log-in</a></td><td class="num">1</td><td class="num">0</td><td class="num">0</td><td class="num">0</td><td class="num">5,162</td><td></td><td></td></tr>
<tr><td><a href="#t4">Bill Pay</a></td><td class="num">1</td><td class="num">0</td><td class="num">0</td><td class="num">0</td><td class="num">6,564</td><td></td><td></td></tr>
<tr class="stripe"><td><a href="#t5">Bank News</a></td><td class="num">1</td><td class="num">0</td><td class="num">0</td><td class="num">0</td><td class="num">6,036</td><td></td><td></td></tr>
<tr><td><a href="#t6">About Us</a></td><td class="num">1</td><td class="num">0</td><td class="num">0</td><td class="num">0</td><td class="num">5,312</td><td></td><td></td></tr>
<tr class="stripe"><td><a href="#t7">Service</a></td><td class="num">1</td><td class="num">0</td><td class="num">0</td><td class="num">0</td><td class="num">4,961</td><td></td><td></td></tr>
<tr><td><a href="#t8">Product</a></td><td class="num">1</td><td class="num">0</td><td class="num">0</td><td class="num">0</td><td class="num">6,124</td><td></td><td></td></tr>
<tr class="stripe"><td><a href="#t9">Site Map</a></td><td class="num">1</td><td class="num">0</td><td class="num">0</td><td class="num">0</td><td class="num">6,806</td><td></td><td></td></tr>
<tr><td><a href="#t10">Payee Information</a></td><td class="num">0</td><td class="num">0</td><td class="num">0</td><td class="num attn">1</td><td class="num">7,575</td><td></td><td></td></tr>
<tr class="stripe"><td><a href="#t11">Request Loan</a></td><td class="num">0</td><td class="num">0</td><td class="num">0</td><td class="num attn">1</td><td class="num">5,365</td><td></td><td></td></tr>
<tr><td><a href="#t12">Transfer fund</a></td><td class="num">1</td><td class="num">0</td><td class="num">0</td><td class="num">0</td><td class="num">5,376</td><td></td><td></td></tr>
<tr class="stripe"><td><a href="#t13">Contact</a></td><td class="num">1</td><td class="num">0</td><td class="num">0</td><td class="num">0</td><td class="num">5,599</td><td></td><td></td></tr>
<tr><td><a href="#t14">Find Transaction</a></td><td class="num">1</td><td class="num">0</td><td class="num">0</td><td class="num">0</td><td class="num">5,937</td><td></td><td></td></tr>
<tr class="stripe"><td><a href="#t15">Admin Page</a></td><td class="num">1</td><td class="num">0</td><td class="num">0</td><td class="num">0</td><td class="num">6,130</td><td></td><td></td></tr>
<tr><td><a href="#t16">Home</a></td><td class="num">1</td><td class="num">0</td><td class="num">0</td><td class="num">0</td><td class="num">5,372</td><td></td><td></td></tr>
<tr class="stripe"><td><a href="#t17">Update Info</a></td><td class="num">0</td><td class="num">0</td><td class="num">0</td><td class="num attn">1</td><td class="num">5,786</td><td></td><td></td></tr>
<tr><td><a href="#t18">Sign-out</a></td><td class="num">0</td><td class="num">0</td><td class="num">0</td><td class="num attn">1</td><td class="num">5,482</td><td></td><td></td></tr>
<tr><th>Total</th><th class="num">15</th><th class="num">0</th><th class="num">0</th><th class="num attn">4</th><th class="num">127,556</th><th colspan="2"></th></tr>
</table>
<table id='summary'><thead><tr><th>Class</th><th>Method</th><th>Start</th><th>Time (ms)</th></tr></thead><tbody><tr><th colspan="4">parasoftbank test</th></tr></tbody><tbody id="t0"><tr><th colspan="4">Main Title &#8212; passed</th></tr><tr class="passedeven"><td rowspan="1">com.parasoftbank.Title</td><td><a href="#m0">test19</a></td><td rowspan="1">1658016078166</td><td rowspan="1">13</td></tr></tbody>
<tbody id="t1"><tr><th colspan="4">basic components &#8212; passed</th></tr><tr class="passedeven"><td rowspan="1">com.parasoftbank.BasicTestComponents</td><td><a href="#m1">firstPageTest1</a></td><td rowspan="1">1658016084359</td><td rowspan="1">301</td></tr></tbody>
<tbody id="t2"><tr><th colspan="4">login &#8212; passed</th></tr><tr class="passedeven"><td rowspan="1">com.parasoftbank.LoginTest</td><td><a href="#m2">loginTest2</a></td><td rowspan="1">1658016090495</td><td rowspan="1">238</td></tr></tbody>
<tbody id="t3"><tr><th colspan="4">Log-in &#8212; passed</th></tr><tr class="passedeven"><td rowspan="1">com.parasoftbank.Login</td><td><a href="#m3">test3</a></td><td rowspan="1">1658016099584</td><td rowspan="1">341</td></tr></tbody>
<tbody id="t4"><tr><th colspan="4">Bill Pay &#8212; passed</th></tr><tr class="passedeven"><td rowspan="1">com.parasoftbank.BillPay</td><td><a href="#m4">test4</a></td><td rowspan="1">1658016104738</td><td rowspan="1">1532</td></tr></tbody>
<tbody id="t5"><tr><th colspan="4">Bank News &#8212; passed</th></tr><tr class="passedeven"><td rowspan="1">com.parasoftbank.BankNews</td><td><a href="#m5">test5</a></td><td rowspan="1">1658016111617</td><td rowspan="1">692</td></tr></tbody>
<tbody id="t6"><tr><th colspan="4">About Us &#8212; passed</th></tr><tr class="passedeven"><td rowspan="1">com.parasoftbank.aboutUs</td><td><a href="#m6">test6</a></td><td rowspan="1">1658016117566</td><td rowspan="1">97</td></tr></tbody>
<tbody id="t7"><tr><th colspan="4">Service &#8212; passed</th></tr><tr class="passedeven"><td rowspan="1">com.parasoftbank.Service</td><td><a href="#m7">test6</a></td><td rowspan="1">1658016122585</td><td rowspan="1">114</td></tr></tbody>
<tbody id="t8"><tr><th colspan="4">Product &#8212; passed</th></tr><tr class="passedeven"><td rowspan="1">com.parasoftbank.product</td><td><a href="#m8">test7</a></td><td rowspan="1">1658016128672</td><td rowspan="1">239</td></tr></tbody>
<tbody id="t9"><tr><th colspan="4">Site Map &#8212; passed</th></tr><tr class="passedeven"><td rowspan="1">com.parasoftbank.siteMap</td><td><a href="#m9">test9</a></td><td rowspan="1">1658016134712</td><td rowspan="1">987</td></tr></tbody>
<tbody id="t10"><tr><th colspan="4">Payee Information &#8212; failed</th></tr><tr class="failedeven"><td rowspan="1">com.parasoftbank.EnterBillPayeeInformation</td><td><a href="#m10">test10</a></td><td rowspan="1">1658016141122</td><td rowspan="1">2397</td></tr></tbody>
<tbody id="t11"><tr><th colspan="4">Request Loan &#8212; failed</th></tr><tr class="failedeven"><td rowspan="1">com.parasoftbank.requestLoan</td><td><a href="#m11">test11</a></td><td rowspan="1">1658016148479</td><td rowspan="1">491</td></tr></tbody>
<tbody id="t12"><tr><th colspan="4">Transfer fund &#8212; passed</th></tr><tr class="passedeven"><td rowspan="1">com.parasoftbank.TransferFund</td><td><a href="#m12">test12</a></td><td rowspan="1">1658016153822</td><td rowspan="1">395</td></tr></tbody>
<tbody id="t13"><tr><th colspan="4">Contact &#8212; passed</th></tr><tr class="passedeven"><td rowspan="1">com.parasoftbank.contact</td><td><a href="#m13">test13</a></td><td rowspan="1">1658016159431</td><td rowspan="1">527</td></tr></tbody>
<tbody id="t14"><tr><th colspan="4">Find Transaction &#8212; passed</th></tr><tr class="passedeven"><td rowspan="1">com.parasoftbank.FindTransactions</td><td><a href="#m14">test14</a></td><td rowspan="1">1658016164882</td><td rowspan="1">448</td></tr></tbody>
<tbody id="t15"><tr><th colspan="4">Admin Page &#8212; passed</th></tr><tr class="passedeven"><td rowspan="1">com.parasoftbank.adminPage</td><td><a href="#m15">test15</a></td><td rowspan="1">1658016170980</td><td rowspan="1">906</td></tr></tbody>
<tbody id="t16"><tr><th colspan="4">Home &#8212; passed</th></tr><tr class="passedeven"><td rowspan="1">com.parasoftbank.home</td><td><a href="#m16">test16</a></td><td rowspan="1">1658016177033</td><td rowspan="1">116</td></tr></tbody>
<tbody id="t17"><tr><th colspan="4">Update Info &#8212; failed</th></tr><tr class="failedeven"><td rowspan="1">com.parasoftbank.upDateInfo</td><td><a href="#m17">test18</a></td><td rowspan="1">1658016182009</td><td rowspan="1">1224</td></tr></tbody>
<tbody id="t18"><tr><th colspan="4">Sign-out &#8212; failed</th></tr><tr class="failedeven"><td rowspan="1">com.parasoftbank.SignOut</td><td><a href="#m18">test19</a></td><td rowspan="1">1658016188047</td><td rowspan="1">443</td></tr></tbody>
</table>
<h2>Main Title</h2><h3 id="m0">com.parasoftbank.Title#test19</h3><table class="result"><tr><th class="invisible"/></tr></table><p class="totop"><a href="#summary">back to summary</a></p>
<h2>basic components</h2><h3 id="m1">com.parasoftbank.BasicTestComponents#firstPageTest1</h3><table class="result"><tr><th class="invisible"/></tr></table><p class="totop"><a href="#summary">back to summary</a></p>
<h2>login</h2><h3 id="m2">com.parasoftbank.LoginTest#loginTest2</h3><table class="result"><tr><th class="invisible"/></tr></table><p class="totop"><a href="#summary">back to summary</a></p>
<h2>Log-in</h2><h3 id="m3">com.parasoftbank.Login#test3</h3><table class="result"><tr><th class="invisible"/></tr></table><p class="totop"><a href="#summary">back to summary</a></p>
<h2>Bill Pay</h2><h3 id="m4">com.parasoftbank.BillPay#test4</h3><table class="result"><tr><th class="invisible"/></tr></table><p class="totop"><a href="#summary">back to summary</a></p>
<h2>Bank News</h2><h3 id="m5">com.parasoftbank.BankNews#test5</h3><table class="result"><tr><th class="invisible"/></tr></table><p class="totop"><a href="#summary">back to summary</a></p>
<h2>About Us</h2><h3 id="m6">com.parasoftbank.aboutUs#test6</h3><table class="result"><tr><th class="invisible"/></tr></table><p class="totop"><a href="#summary">back to summary</a></p>
<h2>Service</h2><h3 id="m7">com.parasoftbank.Service#test6</h3><table class="result"><tr><th class="invisible"/></tr></table><p class="totop"><a href="#summary">back to summary</a></p>
<h2>Product</h2><h3 id="m8">com.parasoftbank.product#test7</h3><table class="result"><tr><th class="invisible"/></tr></table><p class="totop"><a href="#summary">back to summary</a></p>
<h2>Site Map</h2><h3 id="m9">com.parasoftbank.siteMap#test9</h3><table class="result"><tr><th class="invisible"/></tr></table><p class="totop"><a href="#summary">back to summary</a></p>
<h2>Payee Information</h2><h3 id="m10">com.parasoftbank.EnterBillPayeeInformation#test10</h3><table class="result"><tr><th>Exception</th></tr><tr><td><div class="stacktrace">org.openqa.selenium.NoSuchElementException: no such element: Unable to locate element: {&quot;method&quot;:&quot;xpath&quot;,&quot;selector&quot;:&quot;button&quot;}
  (Session info: chrome=103.0.5060.114)
For documentation on this error, please visit: https://selenium.dev/exceptions/#no_such_element
Build info: version: &apos;4.3.0&apos;, revision: &apos;a4995e2c09*&apos;
System info: host: &apos;DESKTOP-IA81GD4&apos;, ip: &apos;192.168.56.1&apos;, os.name: &apos;Windows 10&apos;, os.arch: &apos;amd64&apos;, os.version: &apos;10.0&apos;, java.version: &apos;11.0.15&apos;
Driver info: org.openqa.selenium.chrome.ChromeDriver
Command: [50438240a9e416c6a80d2691d4d27158, findElement {using=xpath, value=button}]
Capabilities {acceptInsecureCerts: false, browserName: chrome, browserVersion: 103.0.5060.114, chrome: {chromedriverVersion: 103.0.5060.53 (a1711811edd7..., userDataDir: C:\Users\Devraj\AppData\Loc...}, goog:chromeOptions: {debuggerAddress: localhost:53371}, networkConnectionEnabled: false, pageLoadStrategy: normal, platformName: WINDOWS, proxy: Proxy(), se:cdp: ws://localhost:53371/devtoo..., se:cdpVersion: 103.0.5060.114, setWindowRect: true, strictFileInteractability: false, timeouts: {implicit: 0, pageLoad: 300000, script: 30000}, unhandledPromptBehavior: dismiss and notify, webauthn:extension:credBlob: true, webauthn:extension:largeBlob: true, webauthn:virtualAuthenticators: true}
Session ID: 50438240a9e416c6a80d2691d4d27158
	at org.openqa.selenium.remote.codec.w3c.W3CHttpResponseCodec.createException(W3CHttpResponseCodec.java:200)
	at org.openqa.selenium.remote.codec.w3c.W3CHttpResponseCodec.decode(W3CHttpResponseCodec.java:133)
	at org.openqa.selenium.remote.codec.w3c.W3CHttpResponseCodec.decode(W3CHttpResponseCodec.java:53)
	at org.openqa.selenium.remote.HttpCommandExecutor.execute(HttpCommandExecutor.java:184)
	at org.openqa.selenium.remote.service.DriverCommandExecutor.invokeExecute(DriverCommandExecutor.java:167)
	at org.openqa.selenium.remote.service.DriverCommandExecutor.execute(DriverCommandExecutor.java:142)
	at org.openqa.selenium.remote.RemoteWebDriver.execute(RemoteWebDriver.java:569)
	at org.openqa.selenium.remote.ElementLocation$ElementFinder$2.findElement(ElementLocation.java:162)
	at org.openqa.selenium.remote.ElementLocation.findElement(ElementLocation.java:60)
	at org.openqa.selenium.remote.RemoteWebDriver.findElement(RemoteWebDriver.java:387)
	at org.openqa.selenium.remote.RemoteWebDriver.findElement(RemoteWebDriver.java:379)
	at Base.CommonAPI.click(CommonAPI.java:35)
	at com.parasoftbank.EnterBillPayeeInformation.test10(EnterBillPayeeInformation.java:55)
	at java.base/java.util.ArrayList.forEach(ArrayList.java:1541)
	at com.intellij.rt.testng.IDEARemoteTestNG.run(IDEARemoteTestNG.java:66)
	at com.intellij.rt.testng.RemoteTestNGStarter.main(RemoteTestNGStarter.java:109)
... Removed 28 stack frames</div></td></tr></table><p class="totop"><a href="#summary">back to summary</a></p>
<h2>Request Loan</h2><h3 id="m11">com.parasoftbank.requestLoan#test11</h3><table class="result"><tr><th>Exception</th></tr><tr><td><div class="stacktrace">org.openqa.selenium.NoSuchElementException: no such element: Unable to locate element: {&quot;method&quot;:&quot;xpath&quot;,&quot;selector&quot;:&quot;//*[@id=&apos;amount&apos;]&quot;}
  (Session info: chrome=103.0.5060.114)
For documentation on this error, please visit: https://selenium.dev/exceptions/#no_such_element
Build info: version: &apos;4.3.0&apos;, revision: &apos;a4995e2c09*&apos;
System info: host: &apos;DESKTOP-IA81GD4&apos;, ip: &apos;192.168.56.1&apos;, os.name: &apos;Windows 10&apos;, os.arch: &apos;amd64&apos;, os.version: &apos;10.0&apos;, java.version: &apos;11.0.15&apos;
Driver info: org.openqa.selenium.chrome.ChromeDriver
Command: [8896ec155209b8f2b54d01679d7117e2, findElement {using=xpath, value=//*[@id=&apos;amount&apos;]}]
Capabilities {acceptInsecureCerts: false, browserName: chrome, browserVersion: 103.0.5060.114, chrome: {chromedriverVersion: 103.0.5060.53 (a1711811edd7..., userDataDir: C:\Users\Devraj\AppData\Loc...}, goog:chromeOptions: {debuggerAddress: localhost:53389}, networkConnectionEnabled: false, pageLoadStrategy: normal, platformName: WINDOWS, proxy: Proxy(), se:cdp: ws://localhost:53389/devtoo..., se:cdpVersion: 103.0.5060.114, setWindowRect: true, strictFileInteractability: false, timeouts: {implicit: 0, pageLoad: 300000, script: 30000}, unhandledPromptBehavior: dismiss and notify, webauthn:extension:credBlob: true, webauthn:extension:largeBlob: true, webauthn:virtualAuthenticators: true}
Session ID: 8896ec155209b8f2b54d01679d7117e2
	at org.openqa.selenium.remote.codec.w3c.W3CHttpResponseCodec.createException(W3CHttpResponseCodec.java:200)
	at org.openqa.selenium.remote.codec.w3c.W3CHttpResponseCodec.decode(W3CHttpResponseCodec.java:133)
	at org.openqa.selenium.remote.codec.w3c.W3CHttpResponseCodec.decode(W3CHttpResponseCodec.java:53)
	at org.openqa.selenium.remote.HttpCommandExecutor.execute(HttpCommandExecutor.java:184)
	at org.openqa.selenium.remote.service.DriverCommandExecutor.invokeExecute(DriverCommandExecutor.java:167)
	at org.openqa.selenium.remote.service.DriverCommandExecutor.execute(DriverCommandExecutor.java:142)
	at org.openqa.selenium.remote.RemoteWebDriver.execute(RemoteWebDriver.java:569)
	at org.openqa.selenium.remote.ElementLocation$ElementFinder$2.findElement(ElementLocation.java:162)
	at org.openqa.selenium.remote.ElementLocation.findElement(ElementLocation.java:60)
	at org.openqa.selenium.remote.RemoteWebDriver.findElement(RemoteWebDriver.java:387)
	at org.openqa.selenium.remote.RemoteWebDriver.findElement(RemoteWebDriver.java:379)
	at Base.CommonAPI.type(CommonAPI.java:51)
	at com.parasoftbank.requestLoan.test11(requestLoan.java:27)
	at java.base/java.util.ArrayList.forEach(ArrayList.java:1541)
	at com.intellij.rt.testng.IDEARemoteTestNG.run(IDEARemoteTestNG.java:66)
	at com.intellij.rt.testng.RemoteTestNGStarter.main(RemoteTestNGStarter.java:109)
... Removed 28 stack frames</div></td></tr></table><p class="totop"><a href="#summary">back to summary</a></p>
<h2>Transfer fund</h2><h3 id="m12">com.parasoftbank.TransferFund#test12</h3><table class="result"><tr><th class="invisible"/></tr></table><p class="totop"><a href="#summary">back to summary</a></p>
<h2>Contact</h2><h3 id="m13">com.parasoftbank.contact#test13</h3><table class="result"><tr><th class="invisible"/></tr></table><p class="totop"><a href="#summary">back to summary</a></p>
<h2>Find Transaction</h2><h3 id="m14">com.parasoftbank.FindTransactions#test14</h3><table class="result"><tr><th class="invisible"/></tr></table><p class="totop"><a href="#summary">back to summary</a></p>
<h2>Admin Page</h2><h3 id="m15">com.parasoftbank.adminPage#test15</h3><table class="result"><tr><th class="invisible"/></tr></table><p class="totop"><a href="#summary">back to summary</a></p>
<h2>Home</h2><h3 id="m16">com.parasoftbank.home#test16</h3><table class="result"><tr><th class="invisible"/></tr></table><p class="totop"><a href="#summary">back to summary</a></p>
<h2>Update Info</h2><h3 id="m17">com.parasoftbank.upDateInfo#test18</h3><table class="result"><tr><th>Exception</th></tr><tr><td><div class="stacktrace">org.openqa.selenium.NoSuchElementException: no such element: Unable to locate element: {&quot;method&quot;:&quot;xpath&quot;,&quot;selector&quot;:&quot;customer.firstName&quot;}
  (Session info: chrome=103.0.5060.114)
For documentation on this error, please visit: https://selenium.dev/exceptions/#no_such_element
Build info: version: &apos;4.3.0&apos;, revision: &apos;a4995e2c09*&apos;
System info: host: &apos;DESKTOP-IA81GD4&apos;, ip: &apos;192.168.56.1&apos;, os.name: &apos;Windows 10&apos;, os.arch: &apos;amd64&apos;, os.version: &apos;10.0&apos;, java.version: &apos;11.0.15&apos;
Driver info: org.openqa.selenium.chrome.ChromeDriver
Command: [4422cc143098e5b07bbcf30a6ff5bdce, findElement {using=xpath, value=customer.firstName}]
Capabilities {acceptInsecureCerts: false, browserName: chrome, browserVersion: 103.0.5060.114, chrome: {chromedriverVersion: 103.0.5060.53 (a1711811edd7..., userDataDir: C:\Users\Devraj\AppData\Loc...}, goog:chromeOptions: {debuggerAddress: localhost:53494}, networkConnectionEnabled: false, pageLoadStrategy: normal, platformName: WINDOWS, proxy: Proxy(), se:cdp: ws://localhost:53494/devtoo..., se:cdpVersion: 103.0.5060.114, setWindowRect: true, strictFileInteractability: false, timeouts: {implicit: 0, pageLoad: 300000, script: 30000}, unhandledPromptBehavior: dismiss and notify, webauthn:extension:credBlob: true, webauthn:extension:largeBlob: true, webauthn:virtualAuthenticators: true}
Session ID: 4422cc143098e5b07bbcf30a6ff5bdce
	at org.openqa.selenium.remote.codec.w3c.W3CHttpResponseCodec.createException(W3CHttpResponseCodec.java:200)
	at org.openqa.selenium.remote.codec.w3c.W3CHttpResponseCodec.decode(W3CHttpResponseCodec.java:133)
	at org.openqa.selenium.remote.codec.w3c.W3CHttpResponseCodec.decode(W3CHttpResponseCodec.java:53)
	at org.openqa.selenium.remote.HttpCommandExecutor.execute(HttpCommandExecutor.java:184)
	at org.openqa.selenium.remote.service.DriverCommandExecutor.invokeExecute(DriverCommandExecutor.java:167)
	at org.openqa.selenium.remote.service.DriverCommandExecutor.execute(DriverCommandExecutor.java:142)
	at org.openqa.selenium.remote.RemoteWebDriver.execute(RemoteWebDriver.java:569)
	at org.openqa.selenium.remote.ElementLocation$ElementFinder$2.findElement(ElementLocation.java:162)
	at org.openqa.selenium.remote.ElementLocation.findElement(ElementLocation.java:60)
	at org.openqa.selenium.remote.RemoteWebDriver.findElement(RemoteWebDriver.java:387)
	at org.openqa.selenium.remote.RemoteWebDriver.findElement(RemoteWebDriver.java:379)
	at Base.CommonAPI.type(CommonAPI.java:51)
	at com.parasoftbank.upDateInfo.test18(upDateInfo.java:26)
	at java.base/java.util.ArrayList.forEach(ArrayList.java:1541)
	at com.intellij.rt.testng.IDEARemoteTestNG.run(IDEARemoteTestNG.java:66)
	at com.intellij.rt.testng.RemoteTestNGStarter.main(RemoteTestNGStarter.java:109)
... Removed 27 stack frames</div></td></tr></table><p class="totop"><a href="#summary">back to summary</a></p>
<h2>Sign-out</h2><h3 id="m18">com.parasoftbank.SignOut#test19</h3><table class="result"><tr><th>Exception</th></tr><tr><td><div class="stacktrace">org.openqa.selenium.NoSuchElementException: no such element: Unable to locate element: {&quot;method&quot;:&quot;link text&quot;,&quot;selector&quot;:&quot;Log Out&quot;}
  (Session info: chrome=103.0.5060.114)
For documentation on this error, please visit: https://selenium.dev/exceptions/#no_such_element
Build info: version: &apos;4.3.0&apos;, revision: &apos;a4995e2c09*&apos;
System info: host: &apos;DESKTOP-IA81GD4&apos;, ip: &apos;192.168.56.1&apos;, os.name: &apos;Windows 10&apos;, os.arch: &apos;amd64&apos;, os.version: &apos;10.0&apos;, java.version: &apos;11.0.15&apos;
Driver info: org.openqa.selenium.chrome.ChromeDriver
Command: [17b38864614cdae0919cf1aea65bf53b, findElement {using=link text, value=Log Out}]
Capabilities {acceptInsecureCerts: false, browserName: chrome, browserVersion: 103.0.5060.114, chrome: {chromedriverVersion: 103.0.5060.53 (a1711811edd7..., userDataDir: C:\Users\Devraj\AppData\Loc...}, goog:chromeOptions: {debuggerAddress: localhost:53512}, networkConnectionEnabled: false, pageLoadStrategy: normal, platformName: WINDOWS, proxy: Proxy(), se:cdp: ws://localhost:53512/devtoo..., se:cdpVersion: 103.0.5060.114, setWindowRect: true, strictFileInteractability: false, timeouts: {implicit: 0, pageLoad: 300000, script: 30000}, unhandledPromptBehavior: dismiss and notify, webauthn:extension:credBlob: true, webauthn:extension:largeBlob: true, webauthn:virtualAuthenticators: true}
Session ID: 17b38864614cdae0919cf1aea65bf53b
	at org.openqa.selenium.remote.codec.w3c.W3CHttpResponseCodec.createException(W3CHttpResponseCodec.java:200)
	at org.openqa.selenium.remote.codec.w3c.W3CHttpResponseCodec.decode(W3CHttpResponseCodec.java:133)
	at org.openqa.selenium.remote.codec.w3c.W3CHttpResponseCodec.decode(W3CHttpResponseCodec.java:53)
	at org.openqa.selenium.remote.HttpCommandExecutor.execute(HttpCommandExecutor.java:184)
	at org.openqa.selenium.remote.service.DriverCommandExecutor.invokeExecute(DriverCommandExecutor.java:167)
	at org.openqa.selenium.remote.service.DriverCommandExecutor.execute(DriverCommandExecutor.java:142)
	at org.openqa.selenium.remote.RemoteWebDriver.execute(RemoteWebDriver.java:569)
	at org.openqa.selenium.remote.ElementLocation$ElementFinder$2.findElement(ElementLocation.java:162)
	at org.openqa.selenium.remote.ElementLocation.findElement(ElementLocation.java:60)
	at org.openqa.selenium.remote.RemoteWebDriver.findElement(RemoteWebDriver.java:387)
	at org.openqa.selenium.remote.RemoteWebDriver.findElement(RemoteWebDriver.java:379)
	at com.parasoftbank.SignOut.test19(SignOut.java:24)
	at java.base/java.util.ArrayList.forEach(ArrayList.java:1541)
	at com.intellij.rt.testng.IDEARemoteTestNG.run(IDEARemoteTestNG.java:66)
	at com.intellij.rt.testng.RemoteTestNGStarter.main(RemoteTestNGStarter.java:109)
... Removed 27 stack frames</div></td></tr></table><p class="totop"><a href="#summary">back to summary</a></p>
</body>
</html>
